<?xml version="1.0" encoding="UTF-8"?>
<testng-results ignored="0" total="1" passed="1" failed="0" skipped="0">
  <reporter-output>
  </reporter-output>
  <suite started-at="2024-05-10T07:32:03 IST" name="Default suite" finished-at="2024-05-10T07:32:34 IST" duration-ms="31053">
    <groups>
    </groups>
    <test started-at="2024-05-10T07:32:03 IST" name="Default test" finished-at="2024-05-10T07:32:34 IST" duration-ms="31053">
      <class name="com.E2logy.gfhotel.dailylogs.testscript.Dailylogs">
        <test-method is-config="true" signature="beforeSuite()[pri:0, instance:com.E2logy.gfhotel.dailylogs.testscript.Dailylogs@15888343]" started-at="2024-05-10T07:32:02 IST" name="beforeSuite" finished-at="2024-05-10T07:32:03 IST" duration-ms="739" status="PASS">
          <reporter-output>
          </reporter-output>
        </test-method> <!-- beforeSuite -->
        <test-method is-config="true" signature="beforeTestTag()[pri:0, instance:com.E2logy.gfhotel.dailylogs.testscript.Dailylogs@15888343]" started-at="2024-05-10T07:32:03 IST" name="beforeTestTag" finished-at="2024-05-10T07:32:03 IST" duration-ms="2" status="PASS">
          <reporter-output>
          </reporter-output>
        </test-method> <!-- beforeTestTag -->
        <test-method is-config="true" signature="beforeTestCases()[pri:0, instance:com.E2logy.gfhotel.dailylogs.testscript.Dailylogs@15888343]" started-at="2024-05-10T07:32:03 IST" name="beforeTestCases" finished-at="2024-05-10T07:32:22 IST" duration-ms="19083" status="PASS">
          <reporter-output>
          </reporter-output>
        </test-method> <!-- beforeTestCases -->
        <test-method is-config="true" signature="beforeMethod(java.lang.reflect.Method)[pri:0, instance:com.E2logy.gfhotel.dailylogs.testscript.Dailylogs@15888343]" started-at="2024-05-10T07:32:22 IST" name="beforeMethod" finished-at="2024-05-10T07:32:23 IST" duration-ms="1108" status="PASS">
          <params>
            <param index="0">
              <value>
                <![CDATA[public void com.E2logy.gfhotel.dailylogs.testscript.Dailylogs.verifyVT004()]]>
              </value>
            </param>
          </params>
          <reporter-output>
          </reporter-output>
        </test-method> <!-- beforeMethod -->
        <test-method signature="verifyVT004()[pri:0, instance:com.E2logy.gfhotel.dailylogs.testscript.Dailylogs@15888343]" started-at="2024-05-10T07:32:23 IST" name="verifyVT004" finished-at="2024-05-10T07:32:33 IST" duration-ms="9839" status="PASS">
          <reporter-output>
          </reporter-output>
        </test-method> <!-- verifyVT004 -->
        <test-method is-config="true" signature="afterMethod(org.testng.ITestResult,java.lang.reflect.Method)[pri:0, instance:com.E2logy.gfhotel.dailylogs.testscript.Dailylogs@15888343]" started-at="2024-05-10T07:32:33 IST" name="afterMethod" finished-at="2024-05-10T07:32:34 IST" duration-ms="854" status="PASS">
          <params>
            <param index="0">
              <value>
                <![CDATA[[TestResult name=verifyVT004 status=SUCCESS method=Dailylogs.verifyVT004()[pri:0, instance:com.E2logy.gfhotel.dailylogs.testscript.Dailylogs@15888343] output={null}]]]>
              </value>
            </param>
            <param index="1">
              <value>
                <![CDATA[public void com.E2logy.gfhotel.dailylogs.testscript.Dailylogs.verifyVT004()]]>
              </value>
            </param>
          </params>
          <reporter-output>
          </reporter-output>
        </test-method> <!-- afterMethod -->
        <test-method is-config="true" signature="afterClass()[pri:0, instance:com.E2logy.gfhotel.dailylogs.testscript.Dailylogs@15888343]" started-at="2024-05-10T07:32:34 IST" name="afterClass" finished-at="2024-05-10T07:32:34 IST" duration-ms="1" status="PASS">
          <reporter-output>
          </reporter-output>
        </test-method> <!-- afterClass -->
        <test-method is-config="true" signature="afterTest()[pri:0, instance:com.E2logy.gfhotel.dailylogs.testscript.Dailylogs@15888343]" started-at="2024-05-10T07:32:34 IST" name="afterTest" finished-at="2024-05-10T07:32:34 IST" duration-ms="1" status="PASS">
          <reporter-output>
          </reporter-output>
        </test-method> <!-- afterTest -->
        <test-method is-config="true" signature="afterSuite()[pri:0, instance:com.E2logy.gfhotel.dailylogs.testscript.Dailylogs@15888343]" started-at="2024-05-10T07:32:34 IST" name="afterSuite" finished-at="2024-05-10T07:32:34 IST" duration-ms="25" status="PASS">
          <reporter-output>
          </reporter-output>
        </test-method> <!-- afterSuite -->
      </class> <!-- com.E2logy.gfhotel.dailylogs.testscript.Dailylogs -->
    </test> <!-- Default test -->
  </suite> <!-- Default suite -->
</testng-results>
