<?xml version="1.0" encoding="UTF-8"?>
<testng-results ignored="0" total="1" passed="1" failed="0" skipped="0">
  <reporter-output>
  </reporter-output>
  <suite started-at="2024-05-09T19:49:53 IST" name="Default suite" finished-at="2024-05-09T19:50:19 IST" duration-ms="26099">
    <groups>
    </groups>
    <test started-at="2024-05-09T19:49:53 IST" name="Default test" finished-at="2024-05-09T19:50:19 IST" duration-ms="26099">
      <class name="com.E2logy.gfhotel.dailylogs.testscript.Dailylogs">
        <test-method is-config="true" signature="beforeSuite()[pri:0, instance:com.E2logy.gfhotel.dailylogs.testscript.Dailylogs@2dfaea86]" started-at="2024-05-09T19:49:52 IST" name="beforeSuite" finished-at="2024-05-09T19:49:53 IST" duration-ms="706" status="PASS">
          <reporter-output>
          </reporter-output>
        </test-method> <!-- beforeSuite -->
        <test-method is-config="true" signature="beforeTestTag()[pri:0, instance:com.E2logy.gfhotel.dailylogs.testscript.Dailylogs@2dfaea86]" started-at="2024-05-09T19:49:53 IST" name="beforeTestTag" finished-at="2024-05-09T19:49:53 IST" duration-ms="5" status="PASS">
          <reporter-output>
          </reporter-output>
        </test-method> <!-- beforeTestTag -->
        <test-method is-config="true" signature="beforeTestCases()[pri:0, instance:com.E2logy.gfhotel.dailylogs.testscript.Dailylogs@2dfaea86]" started-at="2024-05-09T19:49:53 IST" name="beforeTestCases" finished-at="2024-05-09T19:50:09 IST" duration-ms="15932" status="PASS">
          <reporter-output>
          </reporter-output>
        </test-method> <!-- beforeTestCases -->
        <test-method is-config="true" signature="beforeMethod(java.lang.reflect.Method)[pri:0, instance:com.E2logy.gfhotel.dailylogs.testscript.Dailylogs@2dfaea86]" started-at="2024-05-09T19:50:09 IST" name="beforeMethod" finished-at="2024-05-09T19:50:11 IST" duration-ms="1828" status="PASS">
          <params>
            <param index="0">
              <value>
                <![CDATA[public void com.E2logy.gfhotel.dailylogs.testscript.Dailylogs.verifyVT004()]]>
              </value>
            </param>
          </params>
          <reporter-output>
          </reporter-output>
        </test-method> <!-- beforeMethod -->
        <test-method signature="verifyVT004()[pri:0, instance:com.E2logy.gfhotel.dailylogs.testscript.Dailylogs@2dfaea86]" started-at="2024-05-09T19:50:11 IST" name="verifyVT004" finished-at="2024-05-09T19:50:18 IST" duration-ms="7185" status="PASS">
          <reporter-output>
          </reporter-output>
        </test-method> <!-- verifyVT004 -->
        <test-method is-config="true" signature="afterMethod(org.testng.ITestResult,java.lang.reflect.Method)[pri:0, instance:com.E2logy.gfhotel.dailylogs.testscript.Dailylogs@2dfaea86]" started-at="2024-05-09T19:50:18 IST" name="afterMethod" finished-at="2024-05-09T19:50:19 IST" duration-ms="1009" status="PASS">
          <params>
            <param index="0">
              <value>
                <![CDATA[[TestResult name=verifyVT004 status=SUCCESS method=Dailylogs.verifyVT004()[pri:0, instance:com.E2logy.gfhotel.dailylogs.testscript.Dailylogs@2dfaea86] output={null}]]]>
              </value>
            </param>
            <param index="1">
              <value>
                <![CDATA[public void com.E2logy.gfhotel.dailylogs.testscript.Dailylogs.verifyVT004()]]>
              </value>
            </param>
          </params>
          <reporter-output>
          </reporter-output>
        </test-method> <!-- afterMethod -->
        <test-method is-config="true" signature="afterClass()[pri:0, instance:com.E2logy.gfhotel.dailylogs.testscript.Dailylogs@2dfaea86]" started-at="2024-05-09T19:50:19 IST" name="afterClass" finished-at="2024-05-09T19:50:19 IST" duration-ms="1" status="PASS">
          <reporter-output>
          </reporter-output>
        </test-method> <!-- afterClass -->
        <test-method is-config="true" signature="afterTest()[pri:0, instance:com.E2logy.gfhotel.dailylogs.testscript.Dailylogs@2dfaea86]" started-at="2024-05-09T19:50:19 IST" name="afterTest" finished-at="2024-05-09T19:50:19 IST" duration-ms="0" status="PASS">
          <reporter-output>
          </reporter-output>
        </test-method> <!-- afterTest -->
        <test-method is-config="true" signature="afterSuite()[pri:0, instance:com.E2logy.gfhotel.dailylogs.testscript.Dailylogs@2dfaea86]" started-at="2024-05-09T19:50:19 IST" name="afterSuite" finished-at="2024-05-09T19:50:19 IST" duration-ms="35" status="PASS">
          <reporter-output>
          </reporter-output>
        </test-method> <!-- afterSuite -->
      </class> <!-- com.E2logy.gfhotel.dailylogs.testscript.Dailylogs -->
    </test> <!-- Default test -->
  </suite> <!-- Default suite -->
</testng-results>
