<?xml version="1.0" encoding="UTF-8"?>
<!-- Generated by org.testng.reporters.JUnitXMLReporter -->
<testsuite ignored="4" hostname="DESKTOP-19RQ3NQ" failures="0" tests="1" name="Test" time="30.261" errors="0" timestamp="2024-05-09T15:55:17 IST">
  <testcase classname="com.E2logy.gfhotel.testcases.BaseTest" name="@BeforeMethod beforeMethod" time="0.009">
    <failure type="java.lang.NullPointerException">
      <![CDATA[java.lang.NullPointerException
at com.E2logy.gfhotel.testcases.BaseTest.beforeMethod(BaseTest.java:64)
at java.base/java.util.ArrayList.forEach(ArrayList.java:1540)
... Removed 31 stack frames]]>
    </failure>
  </testcase> <!-- @BeforeMethod beforeMethod -->
  <testcase classname="com.E2logy.gfhotel.testcases.BaseTest" name="@AfterMethod afterMethod" time="0.0">
    <skipped/>
  </testcase> <!-- @AfterMethod afterMethod -->
  <testcase classname="com.E2logy.gfhotel.testcases.BaseTest" name="@AfterClass afterClass" time="0.0">
    <skipped/>
  </testcase> <!-- @AfterClass afterClass -->
  <testcase classname="com.E2logy.gfhotel.testcases.BaseTest" name="@AfterTest afterTest" time="0.0">
    <skipped/>
  </testcase> <!-- @AfterTest afterTest -->
  <testcase classname="com.E2logy.gfhotel.testcases.TestCase" name="tc001" time="0.0">
    <skipped/>
  </testcase> <!-- tc001 -->
  <testcase classname="com.E2logy.gfhotel.testcases.BaseTest" name="@AfterTest afterTest" time="0.0">
    <ignored/>
  </testcase> <!-- @AfterTest afterTest -->
  <testcase classname="com.E2logy.gfhotel.testcases.BaseTest" name="@BeforeSuite beforeSuite" time="0.0">
    <ignored/>
  </testcase> <!-- @BeforeSuite beforeSuite -->
  <testcase classname="com.E2logy.gfhotel.testcases.BaseTest" name="@AfterSuite afterSuite" time="0.0">
    <ignored/>
  </testcase> <!-- @AfterSuite afterSuite -->
  <testcase classname="com.E2logy.gfhotel.testcases.BaseTest" name="@BeforeTest beforeTestTag" time="0.0">
    <ignored/>
  </testcase> <!-- @BeforeTest beforeTestTag -->
</testsuite> <!-- Test -->
